# JRE version: OpenJDK Runtime Environment (11.0.5+10) (build 11.0.5+10-b520.38)
# Java VM: OpenJDK 64-Bit Server VM (11.0.5+10-b520.38, mixed mode, sharing, tiered, compressed oops, g1 gc, windows-amd64)
Heap:
 garbage-first heap   total 65536K, used 7575K [0x00000000c1400000, 0x0000000100000000)
  region size 1024K, 3 young (3072K), 3 survivors (3072K)
 Metaspace       used 10738K, capacity 11856K, committed 11904K, reserved 1073152K
  class space    used 1340K, capacity 1633K, committed 1664K, reserved 1048576K
GC Heap History (6 events):
Event: 1.315 GC heap before
{Heap before GC invocations=0 (full 0):
 garbage-first heap   total 65536K, used 13312K [0x00000000c1400000, 0x0000000100000000)
  region size 1024K, 14 young (14336K), 0 survivors (0K)
 Metaspace       used 2323K, capacity 5020K, committed 5120K, reserved 1056768K
  class space    used 222K, capacity 503K, committed 512K, reserved 1048576K
}
Event: 1.334 GC heap after
{Heap after GC invocations=1 (full 0):
 garbage-first heap   total 65536K, used 5144K [0x00000000c1400000, 0x0000000100000000)
  region size 1024K, 2 young (2048K), 2 survivors (2048K)
 Metaspace       used 2323K, capacity 5020K, committed 5120K, reserved 1056768K
  class space    used 222K, capacity 503K, committed 512K, reserved 1048576K
}
Event: 2.971 GC heap before
{Heap before GC invocations=1 (full 0):
 garbage-first heap   total 65536K, used 39960K [0x00000000c1400000, 0x0000000100000000)
  region size 1024K, 36 young (36864K), 2 survivors (2048K)
 Metaspace       used 8657K, capacity 10056K, committed 10112K, reserved 1058816K
  class space    used 1084K, capacity 1392K, committed 1408K, reserved 1048576K
}
Event: 2.982 GC heap after
{Heap after GC invocations=2 (full 0):
 garbage-first heap   total 65536K, used 7077K [0x00000000c1400000, 0x0000000100000000)
  region size 1024K, 4 young (4096K), 4 survivors (4096K)
 Metaspace       used 8657K, capacity 10056K, committed 10112K, reserved 1058816K
  class space    used 1084K, capacity 1392K, committed 1408K, reserved 1048576K
}
Event: 3.457 GC heap before
{Heap before GC invocations=2 (full 0):
 garbage-first heap   total 65536K, used 18341K [0x00000000c1400000, 0x0000000100000000)
  region size 1024K, 16 young (16384K), 4 survivors (4096K)
 Metaspace       used 10738K, capacity 11856K, committed 11904K, reserved 1071104K
  class space    used 1340K, capacity 1633K, committed 1664K, reserved 1048576K
}
Event: 3.465 GC heap after
{Heap after GC invocations=3 (full 0):
 garbage-first heap   total 65536K, used 7575K [0x00000000c1400000, 0x0000000100000000)
  region size 1024K, 3 young (3072K), 3 survivors (3072K)
 Metaspace       used 10738K, capacity 11856K, committed 11904K, reserved 1071104K
  class space    used 1340K, capacity 1633K, committed 1664K, reserved 1048576K
}

