# JRE version: OpenJDK Runtime Environment (11.0.5+10) (build 11.0.5+10-b520.38)
# Java VM: OpenJDK 64-Bit Server VM (11.0.5+10-b520.38, mixed mode, sharing, tiered, compressed oops, g1 gc, windows-amd64)
Heap:
 garbage-first heap   total 78848K, used 15719K [0x00000000c1400000, 0x0000000100000000)
  region size 1024K, 2 young (2048K), 2 survivors (2048K)
 Metaspace       used 29579K, capacity 30841K, committed 31104K, reserved 1075200K
  class space    used 3889K, capacity 4370K, committed 4480K, reserved 1048576K
GC Heap History (17 events):
Event: 1.585 GC heap before
{Heap before GC invocations=0 (full 0):
 garbage-first heap   total 65536K, used 13312K [0x00000000c1400000, 0x0000000100000000)
  region size 1024K, 14 young (14336K), 0 survivors (0K)
 Metaspace       used 2317K, capacity 5020K, committed 5120K, reserved 1056768K
  class space    used 221K, capacity 503K, committed 512K, reserved 1048576K
}
Event: 1.609 GC heap after
{Heap after GC invocations=1 (full 0):
 garbage-first heap   total 65536K, used 5027K [0x00000000c1400000, 0x0000000100000000)
  region size 1024K, 2 young (2048K), 2 survivors (2048K)
 Metaspace       used 2317K, capacity 5020K, committed 5120K, reserved 1056768K
  class space    used 221K, capacity 503K, committed 512K, reserved 1048576K
}
Event: 3.134 GC heap before
{Heap before GC invocations=1 (full 0):
 garbage-first heap   total 65536K, used 38819K [0x00000000c1400000, 0x0000000100000000)
  region size 1024K, 35 young (35840K), 2 survivors (2048K)
 Metaspace       used 8498K, capacity 9958K, committed 10112K, reserved 1058816K
  class space    used 1056K, capacity 1357K, committed 1408K, reserved 1048576K
}
Event: 3.144 GC heap after
{Heap after GC invocations=2 (full 0):
 garbage-first heap   total 65536K, used 6941K [0x00000000c1400000, 0x0000000100000000)
  region size 1024K, 4 young (4096K), 4 survivors (4096K)
 Metaspace       used 8498K, capacity 9958K, committed 10112K, reserved 1058816K
  class space    used 1056K, capacity 1357K, committed 1408K, reserved 1048576K
}
Event: 4.222 GC heap before
{Heap before GC invocations=2 (full 0):
 garbage-first heap   total 65536K, used 38685K [0x00000000c1400000, 0x0000000100000000)
  region size 1024K, 35 young (35840K), 4 survivors (4096K)
 Metaspace       used 14194K, capacity 14886K, committed 15104K, reserved 1062912K
  class space    used 1931K, capacity 2193K, committed 2304K, reserved 1048576K
}
Event: 4.235 GC heap after
{Heap after GC invocations=3 (full 0):
 garbage-first heap   total 65536K, used 8816K [0x00000000c1400000, 0x0000000100000000)
  region size 1024K, 4 young (4096K), 4 survivors (4096K)
 Metaspace       used 14194K, capacity 14886K, committed 15104K, reserved 1062912K
  class space    used 1931K, capacity 2193K, committed 2304K, reserved 1048576K
}
Event: 5.270 GC heap before
{Heap before GC invocations=3 (full 0):
 garbage-first heap   total 65536K, used 40560K [0x00000000c1400000, 0x0000000100000000)
  region size 1024K, 36 young (36864K), 4 survivors (4096K)
 Metaspace       used 20338K, capacity 21185K, committed 21248K, reserved 1067008K
  class space    used 2687K, capacity 3022K, committed 3072K, reserved 1048576K
}
Event: 5.278 GC heap after
{Heap after GC invocations=4 (full 0):
 garbage-first heap   total 65536K, used 9922K [0x00000000c1400000, 0x0000000100000000)
  region size 1024K, 3 young (3072K), 3 survivors (3072K)
 Metaspace       used 20338K, capacity 21185K, committed 21248K, reserved 1067008K
  class space    used 2687K, capacity 3022K, committed 3072K, reserved 1048576K
}
Event: 5.283 GC heap before
{Heap before GC invocations=4 (full 0):
 garbage-first heap   total 65536K, used 9922K [0x00000000c1400000, 0x0000000100000000)
  region size 1024K, 4 young (4096K), 3 survivors (3072K)
 Metaspace       used 20339K, capacity 21185K, committed 21248K, reserved 1067008K
  class space    used 2687K, capacity 3022K, committed 3072K, reserved 1048576K
}
Event: 5.287 GC heap after
{Heap after GC invocations=5 (full 0):
 garbage-first heap   total 65536K, used 10145K [0x00000000c1400000, 0x0000000100000000)
  region size 1024K, 2 young (2048K), 2 survivors (2048K)
 Metaspace       used 20339K, capacity 21185K, committed 21248K, reserved 1067008K
  class space    used 2687K, capacity 3022K, committed 3072K, reserved 1048576K
}
Event: 6.047 GC heap before
{Heap before GC invocations=6 (full 0):
 garbage-first heap   total 65536K, used 34721K [0x00000000c1400000, 0x0000000100000000)
  region size 1024K, 27 young (27648K), 2 survivors (2048K)
 Metaspace       used 22572K, capacity 23500K, committed 23680K, reserved 1069056K
  class space    used 2994K, capacity 3343K, committed 3456K, reserved 1048576K
}
Event: 6.051 GC heap after
{Heap after GC invocations=7 (full 0):
 garbage-first heap   total 65536K, used 10805K [0x00000000c1400000, 0x0000000100000000)
  region size 1024K, 3 young (3072K), 3 survivors (3072K)
 Metaspace       used 22572K, capacity 23500K, committed 23680K, reserved 1069056K
  class space    used 2994K, capacity 3343K, committed 3456K, reserved 1048576K
}
Event: 6.748 GC heap before
{Heap before GC invocations=7 (full 0):
 garbage-first heap   total 65536K, used 38453K [0x00000000c1400000, 0x0000000100000000)
  region size 1024K, 30 young (30720K), 3 survivors (3072K)
 Metaspace       used 26511K, capacity 27498K, committed 27776K, reserved 1073152K
  class space    used 3476K, capacity 3856K, committed 3968K, reserved 1048576K
}
Event: 6.757 GC heap after
{Heap after GC invocations=8 (full 0):
 garbage-first heap   total 65536K, used 12534K [0x00000000c1400000, 0x0000000100000000)
  region size 1024K, 3 young (3072K), 3 survivors (3072K)
 Metaspace       used 26511K, capacity 27498K, committed 27776K, reserved 1073152K
  class space    used 3476K, capacity 3856K, committed 3968K, reserved 1048576K
}
Event: 7.377 GC heap before
{Heap before GC invocations=8 (full 0):
 garbage-first heap   total 65536K, used 42230K [0x00000000c1400000, 0x0000000100000000)
  region size 1024K, 32 young (32768K), 3 survivors (3072K)
 Metaspace       used 28031K, capacity 29230K, committed 29312K, reserved 1075200K
  class space    used 3689K, capacity 4156K, committed 4224K, reserved 1048576K
}
Event: 7.389 GC heap after
{Heap after GC invocations=9 (full 0):
 garbage-first heap   total 65536K, used 15062K [0x00000000c1400000, 0x0000000100000000)
  region size 1024K, 4 young (4096K), 4 survivors (4096K)
 Metaspace       used 28031K, capacity 29230K, committed 29312K, reserved 1075200K
  class space    used 3689K, capacity 4156K, committed 4224K, reserved 1048576K
}
Event: 7.963 GC heap before
{Heap before GC invocations=9 (full 0):
 garbage-first heap   total 65536K, used 43734K [0x00000000c1400000, 0x0000000100000000)
  region size 1024K, 32 young (32768K), 4 survivors (4096K)
 Metaspace       used 29579K, capacity 30841K, committed 31104K, reserved 1075200K
  class space    used 3889K, capacity 4370K, committed 4480K, reserved 1048576K
}

